{"C:\\Users\\richi\\microfrontends-rick-morty\\rick_morty_host\\src\\app\\App.tsx": {"path":"C:\\Users\\richi\\microfrontends-rick-morty\\rick_morty_host\\src\\app\\App.tsx","statementMap":{"0":{"start":{"line":2,"column":0},"end":{"line":2,"column":48}},"1":{"start":{"line":3,"column":0},"end":{"line":3,"column":46}},"2":{"start":{"line":4,"column":0},"end":{"line":4,"column":40}},"3":{"start":{"line":7,"column":2},"end":{"line":14,"column":null}},"4":{"start":{"line":17,"column":0},"end":{"line":17,"column":null}}},"fnMap":{"0":{"name":"App","decl":{"start":{"line":6,"column":9},"end":{"line":6,"column":12}},"loc":{"start":{"line":6,"column":12},"end":{"line":15,"column":1}}}},"branchMap":{},"s":{"0":0,"1":0,"2":0,"3":0,"4":0},"f":{"0":0},"b":{}}
,"C:\\Users\\richi\\microfrontends-rick-morty\\rick_morty_host\\src\\app\\main.tsx": {"path":"C:\\Users\\richi\\microfrontends-rick-morty\\rick_morty_host\\src\\app\\main.tsx","statementMap":{"0":{"start":{"line":1,"column":0},"end":{"line":1,"column":34}},"1":{"start":{"line":2,"column":0},"end":{"line":2,"column":45}},"2":{"start":{"line":3,"column":0},"end":{"line":3,"column":48}},"3":{"start":{"line":4,"column":0},"end":{"line":4,"column":23}},"4":{"start":{"line":5,"column":0},"end":{"line":5,"column":29}},"5":{"start":{"line":7,"column":0},"end":{"line":13,"column":null}}},"fnMap":{},"branchMap":{},"s":{"0":0,"1":0,"2":0,"3":0,"4":0,"5":0},"f":{},"b":{}}
,"C:\\Users\\richi\\microfrontends-rick-morty\\rick_morty_host\\src\\components\\home-page\\HomeContent.tsx": {"path":"C:\\Users\\richi\\microfrontends-rick-morty\\rick_morty_host\\src\\components\\home-page\\HomeContent.tsx","statementMap":{"0":{"start":{"line":2,"column":0},"end":{"line":2,"column":56}},"1":{"start":{"line":3,"column":0},"end":{"line":3,"column":59}},"2":{"start":{"line":4,"column":0},"end":{"line":4,"column":65}},"3":{"start":{"line":5,"column":0},"end":{"line":5,"column":67}},"4":{"start":{"line":6,"column":0},"end":{"line":6,"column":59}},"5":{"start":{"line":8,"column":0},"end":{"line":8,"column":41}},"6":{"start":{"line":9,"column":0},"end":{"line":9,"column":42}},"7":{"start":{"line":11,"column":30},"end":{"line":247,"column":1}},"8":{"start":{"line":12,"column":26},"end":{"line":12,"column":41}},"9":{"start":{"line":13,"column":36},"end":{"line":13,"column":51}},"10":{"start":{"line":14,"column":20},"end":{"line":14,"column":65}},"11":{"start":{"line":14,"column":49},"end":{"line":14,"column":64}},"12":{"start":{"line":27,"column":6},"end":{"line":27,"column":25}},"13":{"start":{"line":28,"column":52},"end":{"line":29,"column":null}},"14":{"start":{"line":32,"column":29},"end":{"line":35,"column":3}},"15":{"start":{"line":33,"column":4},"end":{"line":33,"column":null}},"16":{"start":{"line":34,"column":4},"end":{"line":34,"column":null}},"17":{"start":{"line":36,"column":28},"end":{"line":39,"column":3}},"18":{"start":{"line":37,"column":4},"end":{"line":37,"column":null}},"19":{"start":{"line":38,"column":4},"end":{"line":38,"column":null}},"20":{"start":{"line":41,"column":26},"end":{"line":47,"column":null}},"21":{"start":{"line":43,"column":22},"end":{"line":43,"column":39}},"22":{"start":{"line":44,"column":6},"end":{"line":44,"column":null}},"23":{"start":{"line":45,"column":6},"end":{"line":45,"column":null}},"24":{"start":{"line":50,"column":2},"end":{"line":59,"column":null}},"25":{"start":{"line":51,"column":4},"end":{"line":51,"column":null}},"26":{"start":{"line":61,"column":2},"end":{"line":72,"column":3}},"27":{"start":{"line":62,"column":4},"end":{"line":71,"column":null}},"28":{"start":{"line":74,"column":2},"end":{"line":116,"column":3}},"29":{"start":{"line":75,"column":4},"end":{"line":115,"column":null}},"30":{"start":{"line":81,"column":29},"end":{"line":81,"column":48}},"31":{"start":{"line":87,"column":29},"end":{"line":87,"column":54}},"32":{"start":{"line":107,"column":29},"end":{"line":107,"column":75}},"33":{"start":{"line":118,"column":2},"end":{"line":156,"column":3}},"34":{"start":{"line":119,"column":4},"end":{"line":155,"column":null}},"35":{"start":{"line":125,"column":29},"end":{"line":125,"column":48}},"36":{"start":{"line":131,"column":29},"end":{"line":131,"column":54}},"37":{"start":{"line":158,"column":2},"end":{"line":246,"column":null}},"38":{"start":{"line":164,"column":27},"end":{"line":164,"column":46}},"39":{"start":{"line":170,"column":27},"end":{"line":170,"column":52}},"40":{"start":{"line":186,"column":12},"end":{"line":186,"column":null}},"41":{"start":{"line":224,"column":16},"end":{"line":225,"column":null}},"42":{"start":{"line":249,"column":0},"end":{"line":249,"column":null}}},"fnMap":{"0":{"name":"(anonymous_1)","decl":{"start":{"line":11,"column":30},"end":{"line":11,"column":33}},"loc":{"start":{"line":11,"column":35},"end":{"line":247,"column":1}}},"1":{"name":"(anonymous_2)","decl":{"start":{"line":14,"column":38},"end":{"line":14,"column":39}},"loc":{"start":{"line":14,"column":49},"end":{"line":14,"column":64}}},"2":{"name":"(anonymous_3)","decl":{"start":{"line":32,"column":29},"end":{"line":32,"column":32}},"loc":{"start":{"line":32,"column":34},"end":{"line":35,"column":3}}},"3":{"name":"(anonymous_4)","decl":{"start":{"line":36,"column":28},"end":{"line":36,"column":29}},"loc":{"start":{"line":36,"column":57},"end":{"line":39,"column":3}}},"4":{"name":"(anonymous_5)","decl":{"start":{"line":42,"column":4},"end":{"line":42,"column":5}},"loc":{"start":{"line":42,"column":35},"end":{"line":46,"column":5}}},"5":{"name":"(anonymous_6)","decl":{"start":{"line":50,"column":12},"end":{"line":50,"column":15}},"loc":{"start":{"line":50,"column":17},"end":{"line":52,"column":3}}},"6":{"name":"(anonymous_7)","decl":{"start":{"line":81,"column":23},"end":{"line":81,"column":26}},"loc":{"start":{"line":81,"column":29},"end":{"line":81,"column":48}}},"7":{"name":"(anonymous_8)","decl":{"start":{"line":87,"column":23},"end":{"line":87,"column":26}},"loc":{"start":{"line":87,"column":29},"end":{"line":87,"column":54}}},"8":{"name":"(anonymous_9)","decl":{"start":{"line":107,"column":23},"end":{"line":107,"column":26}},"loc":{"start":{"line":107,"column":29},"end":{"line":107,"column":75}}},"9":{"name":"(anonymous_10)","decl":{"start":{"line":125,"column":23},"end":{"line":125,"column":26}},"loc":{"start":{"line":125,"column":29},"end":{"line":125,"column":48}}},"10":{"name":"(anonymous_11)","decl":{"start":{"line":131,"column":23},"end":{"line":131,"column":26}},"loc":{"start":{"line":131,"column":29},"end":{"line":131,"column":54}}},"11":{"name":"(anonymous_12)","decl":{"start":{"line":164,"column":21},"end":{"line":164,"column":24}},"loc":{"start":{"line":164,"column":27},"end":{"line":164,"column":46}}},"12":{"name":"(anonymous_13)","decl":{"start":{"line":170,"column":21},"end":{"line":170,"column":24}},"loc":{"start":{"line":170,"column":27},"end":{"line":170,"column":52}}},"13":{"name":"(anonymous_14)","decl":{"start":{"line":185,"column":26},"end":{"line":185,"column":27}},"loc":{"start":{"line":186,"column":12},"end":{"line":186,"column":null}}},"14":{"name":"(anonymous_15)","decl":{"start":{"line":223,"column":29},"end":{"line":223,"column":30}},"loc":{"start":{"line":224,"column":16},"end":{"line":225,"column":null}}}},"branchMap":{"0":{"loc":{"start":{"line":61,"column":2},"end":{"line":72,"column":3}},"type":"if","locations":[{"start":{"line":61,"column":2},"end":{"line":72,"column":3}}]},"1":{"loc":{"start":{"line":74,"column":2},"end":{"line":116,"column":3}},"type":"if","locations":[{"start":{"line":74,"column":2},"end":{"line":116,"column":3}}]},"2":{"loc":{"start":{"line":74,"column":6},"end":{"line":74,"column":38}},"type":"binary-expr","locations":[{"start":{"line":74,"column":6},"end":{"line":74,"column":11}},{"start":{"line":74,"column":15},"end":{"line":74,"column":38}}]},"3":{"loc":{"start":{"line":80,"column":32},"end":{"line":80,"column":72}},"type":"cond-expr","locations":[{"start":{"line":80,"column":54},"end":{"line":80,"column":67}},{"start":{"line":80,"column":70},"end":{"line":80,"column":72}}]},"4":{"loc":{"start":{"line":86,"column":47},"end":{"line":86,"column":93}},"type":"cond-expr","locations":[{"start":{"line":86,"column":75},"end":{"line":86,"column":88}},{"start":{"line":86,"column":91},"end":{"line":86,"column":93}}]},"5":{"loc":{"start":{"line":118,"column":2},"end":{"line":156,"column":3}},"type":"if","locations":[{"start":{"line":118,"column":2},"end":{"line":156,"column":3}}]},"6":{"loc":{"start":{"line":124,"column":32},"end":{"line":124,"column":72}},"type":"cond-expr","locations":[{"start":{"line":124,"column":54},"end":{"line":124,"column":67}},{"start":{"line":124,"column":70},"end":{"line":124,"column":72}}]},"7":{"loc":{"start":{"line":130,"column":47},"end":{"line":130,"column":93}},"type":"cond-expr","locations":[{"start":{"line":130,"column":75},"end":{"line":130,"column":88}},{"start":{"line":130,"column":91},"end":{"line":130,"column":93}}]},"8":{"loc":{"start":{"line":163,"column":30},"end":{"line":163,"column":70}},"type":"cond-expr","locations":[{"start":{"line":163,"column":52},"end":{"line":163,"column":65}},{"start":{"line":163,"column":68},"end":{"line":163,"column":70}}]},"9":{"loc":{"start":{"line":169,"column":45},"end":{"line":169,"column":91}},"type":"cond-expr","locations":[{"start":{"line":169,"column":73},"end":{"line":169,"column":86}},{"start":{"line":169,"column":89},"end":{"line":169,"column":91}}]},"10":{"loc":{"start":{"line":183,"column":7},"end":{"line":212,"column":null}},"type":"binary-expr","locations":[{"start":{"line":183,"column":7},"end":{"line":183,"column":26}},{"start":{"line":184,"column":8},"end":{"line":211,"column":null}}]},"11":{"loc":{"start":{"line":193,"column":11},"end":{"line":198,"column":null}},"type":"binary-expr","locations":[{"start":{"line":193,"column":11},"end":{"line":193,"column":28}},{"start":{"line":194,"column":12},"end":{"line":197,"column":null}}]},"12":{"loc":{"start":{"line":214,"column":7},"end":{"line":243,"column":null}},"type":"binary-expr","locations":[{"start":{"line":214,"column":7},"end":{"line":214,"column":32}},{"start":{"line":215,"column":8},"end":{"line":242,"column":null}}]},"13":{"loc":{"start":{"line":216,"column":11},"end":{"line":241,"column":null}},"type":"cond-expr","locations":[{"start":{"line":217,"column":12},"end":{"line":217,"column":null}},{"start":{"line":222,"column":12},"end":{"line":240,"column":null}}]},"14":{"loc":{"start":{"line":234,"column":15},"end":{"line":239,"column":null}},"type":"binary-expr","locations":[{"start":{"line":234,"column":15},"end":{"line":234,"column":32}},{"start":{"line":235,"column":16},"end":{"line":238,"column":null}}]}},"s":{"0":0,"1":0,"2":0,"3":0,"4":0,"5":0,"6":0,"7":0,"8":0,"9":0,"10":0,"11":0,"12":0,"13":0,"14":0,"15":0,"16":0,"17":0,"18":0,"19":0,"20":0,"21":0,"22":0,"23":0,"24":0,"25":0,"26":0,"27":0,"28":0,"29":0,"30":0,"31":0,"32":0,"33":0,"34":0,"35":0,"36":0,"37":0,"38":0,"39":0,"40":0,"41":0,"42":0},"f":{"0":0,"1":0,"2":0,"3":0,"4":0,"5":0,"6":0,"7":0,"8":0,"9":0,"10":0,"11":0,"12":0,"13":0,"14":0},"b":{"0":[0],"1":[0],"2":[0,0],"3":[0,0],"4":[0,0],"5":[0],"6":[0,0],"7":[0,0],"8":[0,0],"9":[0,0],"10":[0,0],"11":[0,0],"12":[0,0],"13":[0,0],"14":[0,0]}}
,"C:\\Users\\richi\\microfrontends-rick-morty\\rick_morty_host\\src\\components\\home-page\\HomeFooter.tsx": {"path":"C:\\Users\\richi\\microfrontends-rick-morty\\rick_morty_host\\src\\components\\home-page\\HomeFooter.tsx","statementMap":{"0":{"start":{"line":2,"column":2},"end":{"line":6,"column":null}},"1":{"start":{"line":9,"column":0},"end":{"line":9,"column":null}}},"fnMap":{"0":{"name":"HomeFooter","decl":{"start":{"line":1,"column":9},"end":{"line":1,"column":19}},"loc":{"start":{"line":1,"column":19},"end":{"line":7,"column":1}}}},"branchMap":{},"s":{"0":0,"1":0},"f":{"0":0},"b":{}}
,"C:\\Users\\richi\\microfrontends-rick-morty\\rick_morty_host\\src\\components\\home-page\\HomeHeader.tsx": {"path":"C:\\Users\\richi\\microfrontends-rick-morty\\rick_morty_host\\src\\components\\home-page\\HomeHeader.tsx","statementMap":{"0":{"start":{"line":2,"column":0},"end":{"line":2,"column":67}},"1":{"start":{"line":6,"column":2},"end":{"line":18,"column":null}},"2":{"start":{"line":21,"column":0},"end":{"line":21,"column":null}}},"fnMap":{"0":{"name":"HomeHeader","decl":{"start":{"line":5,"column":9},"end":{"line":5,"column":19}},"loc":{"start":{"line":5,"column":19},"end":{"line":19,"column":1}}}},"branchMap":{},"s":{"0":0,"1":0,"2":0},"f":{"0":0},"b":{}}
,"C:\\Users\\richi\\microfrontends-rick-morty\\rick_morty_host\\src\\pages\\HomePage.tsx": {"path":"C:\\Users\\richi\\microfrontends-rick-morty\\rick_morty_host\\src\\pages\\HomePage.tsx","statementMap":{"0":{"start":{"line":1,"column":0},"end":{"line":1,"column":59}},"1":{"start":{"line":2,"column":0},"end":{"line":2,"column":61}},"2":{"start":{"line":3,"column":0},"end":{"line":3,"column":59}},"3":{"start":{"line":6,"column":2},"end":{"line":12,"column":null}},"4":{"start":{"line":15,"column":0},"end":{"line":15,"column":null}}},"fnMap":{"0":{"name":"HomePage","decl":{"start":{"line":5,"column":9},"end":{"line":5,"column":17}},"loc":{"start":{"line":5,"column":17},"end":{"line":13,"column":1}}}},"branchMap":{},"s":{"0":0,"1":0,"2":0,"3":0,"4":0},"f":{"0":0},"b":{}}
,"C:\\Users\\richi\\microfrontends-rick-morty\\rick_morty_host\\src\\pages\\WelcomePage.tsx": {"path":"C:\\Users\\richi\\microfrontends-rick-morty\\rick_morty_host\\src\\pages\\WelcomePage.tsx","statementMap":{"0":{"start":{"line":1,"column":0},"end":{"line":1,"column":39}},"1":{"start":{"line":4,"column":2},"end":{"line":21,"column":null}},"2":{"start":{"line":24,"column":0},"end":{"line":24,"column":null}}},"fnMap":{"0":{"name":"WelcomePage","decl":{"start":{"line":3,"column":9},"end":{"line":3,"column":20}},"loc":{"start":{"line":3,"column":20},"end":{"line":22,"column":1}}}},"branchMap":{},"s":{"0":0,"1":0,"2":0},"f":{"0":0},"b":{}}
,"C:\\Users\\richi\\microfrontends-rick-morty\\rick_morty_host\\src\\stores\\characterStore.ts": {"path":"C:\\Users\\richi\\microfrontends-rick-morty\\rick_morty_host\\src\\stores\\characterStore.ts","statementMap":{"0":{"start":{"line":1,"column":0},"end":{"line":1,"column":32}},"1":{"start":{"line":2,"column":0},"end":{"line":2,"column":63}},"2":{"start":{"line":3,"column":0},"end":{"line":3,"column":25}},"3":{"start":{"line":39,"column":26},"end":{"line":155,"column":null}},"4":{"start":{"line":41,"column":19},"end":{"line":149,"column":6}},"5":{"start":{"line":56,"column":8},"end":{"line":56,"column":null}},"6":{"start":{"line":60,"column":8},"end":{"line":60,"column":null}},"7":{"start":{"line":64,"column":8},"end":{"line":64,"column":null}},"8":{"start":{"line":67,"column":8},"end":{"line":67,"column":null}},"9":{"start":{"line":70,"column":8},"end":{"line":70,"column":null}},"10":{"start":{"line":74,"column":8},"end":{"line":80,"column":null}},"11":{"start":{"line":84,"column":8},"end":{"line":84,"column":null}},"12":{"start":{"line":86,"column":22},"end":{"line":86,"column":27}},"13":{"start":{"line":87,"column":74},"end":{"line":87,"column":79}},"14":{"start":{"line":89,"column":18},"end":{"line":89,"column":74}},"15":{"start":{"line":91,"column":8},"end":{"line":93,"column":9}},"16":{"start":{"line":92,"column":10},"end":{"line":92,"column":null}},"17":{"start":{"line":94,"column":8},"end":{"line":96,"column":9}},"18":{"start":{"line":95,"column":10},"end":{"line":95,"column":null}},"19":{"start":{"line":97,"column":8},"end":{"line":99,"column":9}},"20":{"start":{"line":98,"column":10},"end":{"line":98,"column":null}},"21":{"start":{"line":100,"column":8},"end":{"line":102,"column":9}},"22":{"start":{"line":101,"column":10},"end":{"line":101,"column":null}},"23":{"start":{"line":104,"column":8},"end":{"line":130,"column":9}},"24":{"start":{"line":105,"column":27},"end":{"line":105,"column":60}},"25":{"start":{"line":106,"column":10},"end":{"line":112,"column":null}},"26":{"start":{"line":114,"column":10},"end":{"line":129,"column":11}},"27":{"start":{"line":115,"column":12},"end":{"line":126,"column":13}},"28":{"start":{"line":116,"column":14},"end":{"line":123,"column":null}},"29":{"start":{"line":125,"column":14},"end":{"line":125,"column":null}},"30":{"start":{"line":128,"column":12},"end":{"line":128,"column":null}},"31":{"start":{"line":134,"column":8},"end":{"line":139,"column":null}},"32":{"start":{"line":135,"column":10},"end":{"line":137,"column":11}},"33":{"start":{"line":135,"column":45},"end":{"line":135,"column":68}},"34":{"start":{"line":136,"column":12},"end":{"line":136,"column":null}},"35":{"start":{"line":138,"column":10},"end":{"line":138,"column":null}},"36":{"start":{"line":142,"column":8},"end":{"line":144,"column":null}},"37":{"start":{"line":142,"column":24},"end":{"line":144,"column":10}},"38":{"start":{"line":143,"column":53},"end":{"line":143,"column":75}},"39":{"start":{"line":147,"column":8},"end":{"line":147,"column":null}},"40":{"start":{"line":147,"column":45},"end":{"line":147,"column":67}},"41":{"start":{"line":152,"column":39},"end":{"line":152,"column":51}},"42":{"start":{"line":153,"column":30},"end":{"line":153,"column":60}},"43":{"start":{"line":158,"column":0},"end":{"line":158,"column":null}}},"fnMap":{"0":{"name":"(anonymous_1)","decl":{"start":{"line":41,"column":4},"end":{"line":41,"column":5}},"loc":{"start":{"line":41,"column":19},"end":{"line":149,"column":6}}},"1":{"name":"(anonymous_2)","decl":{"start":{"line":55,"column":21},"end":{"line":55,"column":22}},"loc":{"start":{"line":55,"column":38},"end":{"line":57,"column":7}}},"2":{"name":"(anonymous_3)","decl":{"start":{"line":59,"column":21},"end":{"line":59,"column":22}},"loc":{"start":{"line":59,"column":38},"end":{"line":61,"column":7}}},"3":{"name":"(anonymous_4)","decl":{"start":{"line":63,"column":24},"end":{"line":63,"column":25}},"loc":{"start":{"line":63,"column":54},"end":{"line":65,"column":7}}},"4":{"name":"(anonymous_5)","decl":{"start":{"line":66,"column":23},"end":{"line":66,"column":24}},"loc":{"start":{"line":66,"column":51},"end":{"line":68,"column":7}}},"5":{"name":"(anonymous_6)","decl":{"start":{"line":69,"column":23},"end":{"line":69,"column":24}},"loc":{"start":{"line":69,"column":51},"end":{"line":71,"column":7}}},"6":{"name":"(anonymous_7)","decl":{"start":{"line":73,"column":23},"end":{"line":73,"column":26}},"loc":{"start":{"line":73,"column":28},"end":{"line":81,"column":7}}},"7":{"name":"(anonymous_8)","decl":{"start":{"line":83,"column":23},"end":{"line":83,"column":28}},"loc":{"start":{"line":83,"column":42},"end":{"line":131,"column":7}}},"8":{"name":"(anonymous_9)","decl":{"start":{"line":133,"column":19},"end":{"line":133,"column":20}},"loc":{"start":{"line":133,"column":44},"end":{"line":140,"column":7}}},"9":{"name":"(anonymous_10)","decl":{"start":{"line":134,"column":12},"end":{"line":134,"column":13}},"loc":{"start":{"line":134,"column":22},"end":{"line":139,"column":9}}},"10":{"name":"(anonymous_11)","decl":{"start":{"line":135,"column":36},"end":{"line":135,"column":37}},"loc":{"start":{"line":135,"column":45},"end":{"line":135,"column":68}}},"11":{"name":"(anonymous_12)","decl":{"start":{"line":141,"column":22},"end":{"line":141,"column":23}},"loc":{"start":{"line":141,"column":46},"end":{"line":145,"column":7}}},"12":{"name":"(anonymous_13)","decl":{"start":{"line":142,"column":12},"end":{"line":142,"column":13}},"loc":{"start":{"line":142,"column":24},"end":{"line":144,"column":10}}},"13":{"name":"(anonymous_14)","decl":{"start":{"line":143,"column":44},"end":{"line":143,"column":45}},"loc":{"start":{"line":143,"column":53},"end":{"line":143,"column":75}}},"14":{"name":"(anonymous_15)","decl":{"start":{"line":146,"column":18},"end":{"line":146,"column":19}},"loc":{"start":{"line":146,"column":42},"end":{"line":148,"column":7}}},"15":{"name":"(anonymous_16)","decl":{"start":{"line":147,"column":36},"end":{"line":147,"column":37}},"loc":{"start":{"line":147,"column":45},"end":{"line":147,"column":67}}},"16":{"name":"(anonymous_17)","decl":{"start":{"line":152,"column":33},"end":{"line":152,"column":36}},"loc":{"start":{"line":152,"column":39},"end":{"line":152,"column":51}}},"17":{"name":"(anonymous_18)","decl":{"start":{"line":153,"column":18},"end":{"line":153,"column":19}},"loc":{"start":{"line":153,"column":30},"end":{"line":153,"column":60}}}},"branchMap":{"0":{"loc":{"start":{"line":83,"column":30},"end":{"line":83,"column":38}},"type":"default-arg","locations":[{"start":{"line":83,"column":37},"end":{"line":83,"column":38}}]},"1":{"loc":{"start":{"line":91,"column":8},"end":{"line":93,"column":9}},"type":"if","locations":[{"start":{"line":91,"column":8},"end":{"line":93,"column":9}}]},"2":{"loc":{"start":{"line":94,"column":8},"end":{"line":96,"column":9}},"type":"if","locations":[{"start":{"line":94,"column":8},"end":{"line":96,"column":9}}]},"3":{"loc":{"start":{"line":97,"column":8},"end":{"line":99,"column":9}},"type":"if","locations":[{"start":{"line":97,"column":8},"end":{"line":99,"column":9}}]},"4":{"loc":{"start":{"line":100,"column":8},"end":{"line":102,"column":9}},"type":"if","locations":[{"start":{"line":100,"column":8},"end":{"line":102,"column":9}}]},"5":{"loc":{"start":{"line":114,"column":10},"end":{"line":129,"column":11}},"type":"if","locations":[{"start":{"line":114,"column":10},"end":{"line":129,"column":11}},{"start":{"line":127,"column":17},"end":{"line":129,"column":11}}]},"6":{"loc":{"start":{"line":115,"column":12},"end":{"line":126,"column":13}},"type":"if","locations":[{"start":{"line":115,"column":12},"end":{"line":126,"column":13}},{"start":{"line":124,"column":19},"end":{"line":126,"column":13}}]},"7":{"loc":{"start":{"line":135,"column":10},"end":{"line":137,"column":11}},"type":"if","locations":[{"start":{"line":135,"column":10},"end":{"line":137,"column":11}}]}},"s":{"0":0,"1":0,"2":0,"3":0,"4":0,"5":0,"6":0,"7":0,"8":0,"9":0,"10":0,"11":0,"12":0,"13":0,"14":0,"15":0,"16":0,"17":0,"18":0,"19":0,"20":0,"21":0,"22":0,"23":0,"24":0,"25":0,"26":0,"27":0,"28":0,"29":0,"30":0,"31":0,"32":0,"33":0,"34":0,"35":0,"36":0,"37":0,"38":0,"39":0,"40":0,"41":0,"42":0,"43":0},"f":{"0":0,"1":0,"2":0,"3":0,"4":0,"5":0,"6":0,"7":0,"8":0,"9":0,"10":0,"11":0,"12":0,"13":0,"14":0,"15":0,"16":0,"17":0},"b":{"0":[0],"1":[0],"2":[0],"3":[0],"4":[0],"5":[0,0],"6":[0,0],"7":[0]}}
}
